\BOOKMARK [1][-]{section.1}{Introduction}{}% 1
\BOOKMARK [1][-]{section.2}{Solver\040design}{}% 2
\BOOKMARK [2][-]{subsection.2.1}{Problem\040defination}{section.2}% 3
\BOOKMARK [2][-]{subsection.2.2}{Design\040overview}{section.2}% 4
\BOOKMARK [1][-]{section.3}{CSP\040solver}{}% 5
\BOOKMARK [2][-]{subsection.3.1}{back-tracking}{section.3}% 6
\BOOKMARK [2][-]{subsection.3.2}{pickMRV}{section.3}% 7
\BOOKMARK [2][-]{subsection.3.3}{sortLCV}{section.3}% 8
\BOOKMARK [2][-]{subsection.3.4}{MAC3Inference}{section.3}% 9
\BOOKMARK [1][-]{section.4}{Problem\040definition}{}% 10
\BOOKMARK [2][-]{subsection.4.1}{Variable}{section.4}% 11
\BOOKMARK [2][-]{subsection.4.2}{Domain}{section.4}% 12
\BOOKMARK [2][-]{subsection.4.3}{Constraints}{section.4}% 13
\BOOKMARK [1][-]{section.5}{Map\040coloring\040problem}{}% 14
\BOOKMARK [2][-]{subsection.5.1}{Important\040methods}{section.5}% 15
\BOOKMARK [2][-]{subsection.5.2}{Testing}{section.5}% 16
\BOOKMARK [1][-]{section.6}{Circuit\040board\040layout\040problem}{}% 17
\BOOKMARK [1][-]{section.7}{CS\0401\040section\040assignment\040problem}{}% 18
\BOOKMARK [2][-]{subsubsection.7.0.1}{minimaxIDS}{section.7}% 19
\BOOKMARK [3][-]{subsubsection.7.0.2}{maxMinValue}{subsubsection.7.0.1}% 20
\BOOKMARK [3][-]{subsubsection.7.0.3}{handleTerminal}{subsubsection.7.0.1}% 21
\BOOKMARK [3][-]{subsubsection.7.0.4}{helper\040class}{subsubsection.7.0.1}% 22
\BOOKMARK [1][-]{section.8}{Results\040demonstration}{}% 23
\BOOKMARK [1][-]{section.9}{Some\040related\040work}{}% 24
